<?xml version="1.0" encoding="UTF-8"?>
<!-- Generated by org.testng.reporters.JUnitXMLReporter -->
<testsuite hostname="DESKTOP-5O3HFDN" ignored="0" name="BankingApp Test" tests="2" failures="1" timestamp="17 May 2020 07:06:35 GMT" time="50.741" errors="0">
  <testcase name="loginTest" time="2.561" classname="com.MavenHybrideFramework.testCases.TC_LoginTest_001"/>
  <testcase name="addNewCustomer" time="1.964" classname="com.MavenHybrideFramework.testCases.TC_AddCustomerTest_003">
    <failure type="java.lang.AssertionError" message="expected [true] but found [false]">
      <![CDATA[java.lang.AssertionError: expected [true] but found [false]
at com.MavenHybrideFramework.testCases.TC_AddCustomerTest_003.addNewCustomer(TC_AddCustomerTest_003.java:28)
... Removed 29 stack frames]]>
    </failure>
  </testcase> <!-- addNewCustomer -->
</testsuite> <!-- BankingApp Test -->
